<?xml version="1.0" encoding="UTF-8"?>
<!-- Generated by org.testng.reporters.JUnitXMLReporter -->
<testsuite hostname="DESKTOP-U2ABOF5" ignored="0" name="Sample Test cases" tests="16" failures="0" timestamp="2022-11-22T14:37:34 IST" time="0.163" errors="0">
  <testcase name="addPositiveAndNegativeNumbers" time="0.014" classname="com.sgtesting.calculator.testcases.AdditionTestcases"/>
  <testcase name="addPositiveAndZeroNumbers" time="0.002" classname="com.sgtesting.calculator.testcases.AdditionTestcases"/>
  <testcase name="addTwoNegativeNumbers" time="0.006" classname="com.sgtesting.calculator.testcases.AdditionTestcases"/>
  <testcase name="addTwoPositiveNumbers" time="0.002" classname="com.sgtesting.calculator.testcases.AdditionTestcases"/>
  <testcase name="substractPositiveAndNegativeNumbers" time="0.002" classname="com.sgtesting.calculator.testcases.SubstractionTestcases"/>
  <testcase name="substractPositiveAndZeroNumbers" time="0.002" classname="com.sgtesting.calculator.testcases.SubstractionTestcases"/>
  <testcase name="substractTwoNegativeNumbers" time="0.002" classname="com.sgtesting.calculator.testcases.SubstractionTestcases"/>
  <testcase name="substractTwoPositiveNumbers" time="0.003" classname="com.sgtesting.calculator.testcases.SubstractionTestcases"/>
  <testcase name="multiplyPositiveAndNegativeNumbers" time="0.003" classname="com.sgtesting.calculator.testcases.MultiplicationTestcases"/>
  <testcase name="multiplyPositiveAndZeroNumbers" time="0.001" classname="com.sgtesting.calculator.testcases.MultiplicationTestcases"/>
  <testcase name="multiplyTwoNegativeNumbers" time="0.002" classname="com.sgtesting.calculator.testcases.MultiplicationTestcases"/>
  <testcase name="multiplyTwoPositiveNumbers" time="0.002" classname="com.sgtesting.calculator.testcases.MultiplicationTestcases"/>
  <testcase name="dividePositiveAndNegativeNumbers" time="0.004" classname="com.sgtesting.calculator.testcases.DivisionTestcases"/>
  <testcase name="dividePositiveAndOneNumbers" time="0.006" classname="com.sgtesting.calculator.testcases.DivisionTestcases"/>
  <testcase name="divideTwoNegativeNumbers" time="0.002" classname="com.sgtesting.calculator.testcases.DivisionTestcases"/>
  <testcase name="divideTwoPositiveNumbers" time="0.006" classname="com.sgtesting.calculator.testcases.DivisionTestcases"/>
</testsuite> <!-- Sample Test cases -->
