<?xml version="1.0" encoding="UTF-8"?>
<testng-results ignored="0" total="8" passed="8" failed="0" skipped="0">
  <reporter-output>
  </reporter-output>
  <suite started-at="2022-11-11T14:06:32 IST" name="testcases" finished-at="2022-11-11T14:07:17 IST" duration-ms="44611">
    <groups>
    </groups>
    <test started-at="2022-11-11T14:06:32 IST" name="users" finished-at="2022-11-11T14:07:17 IST" duration-ms="44611">
      <class name="com.sgtesting.WebAssignments.Assignments1DataProvider">
        <test-method signature="launchBrowser()[pri:1, instance:com.sgtesting.WebAssignments.Assignments1DataProvider@21282ed8]" started-at="2022-11-11T14:06:32 IST" name="launchBrowser" finished-at="2022-11-11T14:06:37 IST" duration-ms="4806" status="PASS">
          <reporter-output>
          </reporter-output>
        </test-method> <!-- launchBrowser -->
        <test-method signature="navigate()[pri:2, instance:com.sgtesting.WebAssignments.Assignments1DataProvider@21282ed8]" started-at="2022-11-11T14:06:37 IST" name="navigate" finished-at="2022-11-11T14:06:45 IST" duration-ms="7487" status="PASS">
          <reporter-output>
          </reporter-output>
        </test-method> <!-- navigate -->
        <test-method signature="login(java.lang.String,java.lang.String)[pri:3, instance:com.sgtesting.WebAssignments.Assignments1DataProvider@21282ed8]" started-at="2022-11-11T14:06:45 IST" name="login" data-provider="user" finished-at="2022-11-11T14:06:50 IST" duration-ms="5671" status="PASS">
          <params>
            <param index="0">
              <value>
                <![CDATA[admin]]>
              </value>
            </param>
            <param index="1">
              <value>
                <![CDATA[manager]]>
              </value>
            </param>
          </params>
          <reporter-output>
          </reporter-output>
        </test-method> <!-- login -->
        <test-method signature="minimizeFlyOutwindow()[pri:4, instance:com.sgtesting.WebAssignments.Assignments1DataProvider@21282ed8]" started-at="2022-11-11T14:06:50 IST" name="minimizeFlyOutwindow" finished-at="2022-11-11T14:06:53 IST" duration-ms="2127" status="PASS">
          <reporter-output>
          </reporter-output>
        </test-method> <!-- minimizeFlyOutwindow -->
        <test-method signature="createUser(java.lang.String,java.lang.String,java.lang.String)[pri:5, instance:com.sgtesting.WebAssignments.Assignments1DataProvider@21282ed8]" started-at="2022-11-11T14:06:53 IST" name="createUser" data-provider="Createuser" finished-at="2022-11-11T14:07:07 IST" duration-ms="14020" status="PASS">
          <params>
            <param index="0">
              <value>
                <![CDATA[demo]]>
              </value>
            </param>
            <param index="1">
              <value>
                <![CDATA[A]]>
              </value>
            </param>
            <param index="2">
              <value>
                <![CDATA[User1]]>
              </value>
            </param>
          </params>
          <reporter-output>
          </reporter-output>
        </test-method> <!-- createUser -->
        <test-method signature="deleteUser()[pri:6, instance:com.sgtesting.WebAssignments.Assignments1DataProvider@21282ed8]" started-at="2022-11-11T14:07:07 IST" name="deleteUser" finished-at="2022-11-11T14:07:13 IST" duration-ms="6392" status="PASS">
          <reporter-output>
          </reporter-output>
        </test-method> <!-- deleteUser -->
        <test-method signature="logout()[pri:7, instance:com.sgtesting.WebAssignments.Assignments1DataProvider@21282ed8]" started-at="2022-11-11T14:07:13 IST" name="logout" finished-at="2022-11-11T14:07:16 IST" duration-ms="3502" status="PASS">
          <reporter-output>
          </reporter-output>
        </test-method> <!-- logout -->
        <test-method signature="closeApplication()[pri:8, instance:com.sgtesting.WebAssignments.Assignments1DataProvider@21282ed8]" started-at="2022-11-11T14:07:16 IST" name="closeApplication" finished-at="2022-11-11T14:07:17 IST" duration-ms="448" status="PASS">
          <reporter-output>
          </reporter-output>
        </test-method> <!-- closeApplication -->
      </class> <!-- com.sgtesting.WebAssignments.Assignments1DataProvider -->
    </test> <!-- users -->
  </suite> <!-- testcases -->
</testng-results>
