<?xml version="1.0" encoding="UTF-8"?>
<!-- Generated by org.testng.reporters.JUnitXMLReporter -->
<testsuite ignored="0" hostname="DESKTOP-U2ABOF5" failures="0" tests="6" name="Default test" time="20.738" errors="0" timestamp="2022-11-09T21:18:44 IST">
  <testcase classname="com.sgtesting.testngscenario.LoginLogoutDemo" name="launchBrowser" time="3.131"/>
  <testcase classname="com.sgtesting.testngscenario.LoginLogoutDemo" name="navigate" time="6.668"/>
  <testcase classname="com.sgtesting.testngscenario.LoginLogoutDemo" name="login" time="5.456"/>
  <testcase classname="com.sgtesting.testngscenario.LoginLogoutDemo" name="minimizeFlyOutwindow" time="2.177"/>
  <testcase classname="com.sgtesting.testngscenario.LoginLogoutDemo" name="logout" time="2.715"/>
  <testcase classname="com.sgtesting.testngscenario.LoginLogoutDemo" name="closeApp" time="0.506"/>
</testsuite> <!-- Default test -->
