<?xml version="1.0" encoding="UTF-8"?>
<testng-results ignored="0" total="70" passed="70" failed="0" skipped="0">
  <reporter-output>
  </reporter-output>
  <suite started-at="2022-11-12T18:19:32 IST" name="testcases" finished-at="2022-11-12T18:24:57 IST" duration-ms="324824">
    <groups>
    </groups>
    <test started-at="2022-11-12T18:19:32 IST" name="users" finished-at="2022-11-12T18:24:57 IST" duration-ms="324824">
      <class name="com.sgtesting.MavenAssignmets.Assignments1DataProvider">
        <test-method signature="launchBrowser()[pri:1, instance:com.sgtesting.MavenAssignmets.Assignments1DataProvider@a38c7fe]" started-at="2022-11-12T18:24:19 IST" name="launchBrowser" finished-at="2022-11-12T18:24:21 IST" duration-ms="1341" status="PASS">
          <reporter-output>
          </reporter-output>
        </test-method> <!-- launchBrowser -->
        <test-method signature="navigate()[pri:2, instance:com.sgtesting.MavenAssignmets.Assignments1DataProvider@a38c7fe]" started-at="2022-11-12T18:24:21 IST" name="navigate" finished-at="2022-11-12T18:24:27 IST" duration-ms="6280" status="PASS">
          <reporter-output>
          </reporter-output>
        </test-method> <!-- navigate -->
        <test-method signature="login(java.lang.String,java.lang.String)[pri:3, instance:com.sgtesting.MavenAssignmets.Assignments1DataProvider@a38c7fe]" started-at="2022-11-12T18:24:27 IST" name="login" data-provider="user" finished-at="2022-11-12T18:24:32 IST" duration-ms="5268" status="PASS">
          <params>
            <param index="0">
              <value>
                <![CDATA[admin]]>
              </value>
            </param>
            <param index="1">
              <value>
                <![CDATA[manager]]>
              </value>
            </param>
          </params>
          <reporter-output>
          </reporter-output>
        </test-method> <!-- login -->
        <test-method signature="minimizeFlyOutwindow()[pri:4, instance:com.sgtesting.MavenAssignmets.Assignments1DataProvider@a38c7fe]" started-at="2022-11-12T18:24:32 IST" name="minimizeFlyOutwindow" finished-at="2022-11-12T18:24:34 IST" duration-ms="2088" status="PASS">
          <reporter-output>
          </reporter-output>
        </test-method> <!-- minimizeFlyOutwindow -->
        <test-method signature="createUser(java.lang.String,java.lang.String,java.lang.String)[pri:5, instance:com.sgtesting.MavenAssignmets.Assignments1DataProvider@a38c7fe]" started-at="2022-11-12T18:24:34 IST" name="createUser" data-provider="Createuser" finished-at="2022-11-12T18:24:47 IST" duration-ms="12795" status="PASS">
          <params>
            <param index="0">
              <value>
                <![CDATA[demo]]>
              </value>
            </param>
            <param index="1">
              <value>
                <![CDATA[A]]>
              </value>
            </param>
            <param index="2">
              <value>
                <![CDATA[User1]]>
              </value>
            </param>
          </params>
          <reporter-output>
          </reporter-output>
        </test-method> <!-- createUser -->
        <test-method signature="deleteUser()[pri:6, instance:com.sgtesting.MavenAssignmets.Assignments1DataProvider@a38c7fe]" started-at="2022-11-12T18:24:47 IST" name="deleteUser" finished-at="2022-11-12T18:24:54 IST" duration-ms="6333" status="PASS">
          <reporter-output>
          </reporter-output>
        </test-method> <!-- deleteUser -->
        <test-method signature="logout()[pri:7, instance:com.sgtesting.MavenAssignmets.Assignments1DataProvider@a38c7fe]" started-at="2022-11-12T18:24:54 IST" name="logout" finished-at="2022-11-12T18:24:57 IST" duration-ms="3355" status="PASS">
          <reporter-output>
          </reporter-output>
        </test-method> <!-- logout -->
        <test-method signature="closeApplication()[pri:8, instance:com.sgtesting.MavenAssignmets.Assignments1DataProvider@a38c7fe]" started-at="2022-11-12T18:24:57 IST" name="closeApplication" finished-at="2022-11-12T18:24:57 IST" duration-ms="389" status="PASS">
          <reporter-output>
          </reporter-output>
        </test-method> <!-- closeApplication -->
      </class> <!-- com.sgtesting.MavenAssignmets.Assignments1DataProvider -->
      <class name="com.sgtesting.MavenAssignmets.Assignment5">
        <test-method signature="launchBrowser()[pri:1, instance:com.sgtesting.MavenAssignmets.Assignment5@576d5deb]" started-at="2022-11-12T18:21:38 IST" name="launchBrowser" finished-at="2022-11-12T18:21:40 IST" duration-ms="1744" status="PASS">
          <reporter-output>
          </reporter-output>
        </test-method> <!-- launchBrowser -->
        <test-method signature="navigate()[pri:2, instance:com.sgtesting.MavenAssignmets.Assignment5@576d5deb]" started-at="2022-11-12T18:21:40 IST" name="navigate" finished-at="2022-11-12T18:21:46 IST" duration-ms="6287" status="PASS">
          <reporter-output>
          </reporter-output>
        </test-method> <!-- navigate -->
        <test-method signature="login(java.lang.String,java.lang.String)[pri:3, instance:com.sgtesting.MavenAssignmets.Assignment5@576d5deb]" started-at="2022-11-12T18:21:46 IST" name="login" data-provider="login" finished-at="2022-11-12T18:21:52 IST" duration-ms="5322" status="PASS">
          <params>
            <param index="0">
              <value>
                <![CDATA[admin]]>
              </value>
            </param>
            <param index="1">
              <value>
                <![CDATA[manager]]>
              </value>
            </param>
          </params>
          <reporter-output>
          </reporter-output>
        </test-method> <!-- login -->
        <test-method signature="minimizeFlyOutwindow()[pri:4, instance:com.sgtesting.MavenAssignmets.Assignment5@576d5deb]" started-at="2022-11-12T18:21:52 IST" name="minimizeFlyOutwindow" finished-at="2022-11-12T18:21:54 IST" duration-ms="2192" status="PASS">
          <reporter-output>
          </reporter-output>
        </test-method> <!-- minimizeFlyOutwindow -->
        <test-method signature="addCustomer(java.lang.String)[pri:5, instance:com.sgtesting.MavenAssignmets.Assignment5@576d5deb]" started-at="2022-11-12T18:21:54 IST" name="addCustomer" data-provider="addCustomer" finished-at="2022-11-12T18:22:07 IST" duration-ms="13436" status="PASS">
          <params>
            <param index="0">
              <value>
                <![CDATA[Akash]]>
              </value>
            </param>
          </params>
          <reporter-output>
          </reporter-output>
        </test-method> <!-- addCustomer -->
        <test-method signature="modifyCustomer()[pri:6, instance:com.sgtesting.MavenAssignmets.Assignment5@576d5deb]" started-at="2022-11-12T18:22:07 IST" name="modifyCustomer" finished-at="2022-11-12T18:22:11 IST" duration-ms="3419" status="PASS">
          <reporter-output>
          </reporter-output>
        </test-method> <!-- modifyCustomer -->
        <test-method signature="deleteCustomer()[pri:7, instance:com.sgtesting.MavenAssignmets.Assignment5@576d5deb]" started-at="2022-11-12T18:22:11 IST" name="deleteCustomer" finished-at="2022-11-12T18:22:14 IST" duration-ms="3641" status="PASS">
          <reporter-output>
          </reporter-output>
        </test-method> <!-- deleteCustomer -->
        <test-method signature="logout()[pri:8, instance:com.sgtesting.MavenAssignmets.Assignment5@576d5deb]" started-at="2022-11-12T18:22:14 IST" name="logout" finished-at="2022-11-12T18:22:17 IST" duration-ms="2865" status="PASS">
          <reporter-output>
          </reporter-output>
        </test-method> <!-- logout -->
        <test-method signature="closeApp()[pri:9, instance:com.sgtesting.MavenAssignmets.Assignment5@576d5deb]" started-at="2022-11-12T18:22:17 IST" name="closeApp" finished-at="2022-11-12T18:22:18 IST" duration-ms="385" status="PASS">
          <reporter-output>
          </reporter-output>
        </test-method> <!-- closeApp -->
      </class> <!-- com.sgtesting.MavenAssignmets.Assignment5 -->
      <class name="com.sgtesting.MavenAssignmets.Assignment6">
        <test-method signature="launchBrowser()[pri:1, instance:com.sgtesting.MavenAssignmets.Assignment6@5d534f5d]" started-at="2022-11-12T18:22:18 IST" name="launchBrowser" finished-at="2022-11-12T18:22:18 IST" duration-ms="5" status="PASS">
          <reporter-output>
          </reporter-output>
        </test-method> <!-- launchBrowser -->
        <test-method signature="navigate()[pri:2, instance:com.sgtesting.MavenAssignmets.Assignment6@5d534f5d]" started-at="2022-11-12T18:22:18 IST" name="navigate" finished-at="2022-11-12T18:22:18 IST" duration-ms="14" status="PASS">
          <reporter-output>
          </reporter-output>
        </test-method> <!-- navigate -->
        <test-method signature="login(java.lang.String,java.lang.String)[pri:3, instance:com.sgtesting.MavenAssignmets.Assignment6@5d534f5d]" started-at="2022-11-12T18:22:18 IST" name="login" data-provider="login" finished-at="2022-11-12T18:22:18 IST" duration-ms="2" status="PASS">
          <params>
            <param index="0">
              <value>
                <![CDATA[admin]]>
              </value>
            </param>
            <param index="1">
              <value>
                <![CDATA[manager]]>
              </value>
            </param>
          </params>
          <reporter-output>
          </reporter-output>
        </test-method> <!-- login -->
        <test-method signature="minimizeFlyOutwindow()[pri:4, instance:com.sgtesting.MavenAssignmets.Assignment6@5d534f5d]" started-at="2022-11-12T18:22:18 IST" name="minimizeFlyOutwindow" finished-at="2022-11-12T18:22:18 IST" duration-ms="165" status="PASS">
          <reporter-output>
          </reporter-output>
        </test-method> <!-- minimizeFlyOutwindow -->
        <test-method signature="addCustomer(java.lang.String)[pri:5, instance:com.sgtesting.MavenAssignmets.Assignment6@5d534f5d]" started-at="2022-11-12T18:22:18 IST" name="addCustomer" data-provider="addCustomer" finished-at="2022-11-12T18:22:18 IST" duration-ms="3" status="PASS">
          <params>
            <param index="0">
              <value>
                <![CDATA[MANU]]>
              </value>
            </param>
          </params>
          <reporter-output>
          </reporter-output>
        </test-method> <!-- addCustomer -->
        <test-method signature="creatProject(java.lang.String)[pri:6, instance:com.sgtesting.MavenAssignmets.Assignment6@5d534f5d]" started-at="2022-11-12T18:22:18 IST" name="creatProject" data-provider="createProject" finished-at="2022-11-12T18:22:18 IST" duration-ms="2" status="PASS">
          <params>
            <param index="0">
              <value>
                <![CDATA[WATERREASOURCE]]>
              </value>
            </param>
          </params>
          <reporter-output>
          </reporter-output>
        </test-method> <!-- creatProject -->
        <test-method signature="deleteProject()[pri:7, instance:com.sgtesting.MavenAssignmets.Assignment6@5d534f5d]" started-at="2022-11-12T18:22:18 IST" name="deleteProject" finished-at="2022-11-12T18:22:18 IST" duration-ms="2" status="PASS">
          <reporter-output>
          </reporter-output>
        </test-method> <!-- deleteProject -->
        <test-method signature="logout()[pri:8, instance:com.sgtesting.MavenAssignmets.Assignment6@5d534f5d]" started-at="2022-11-12T18:22:18 IST" name="logout" finished-at="2022-11-12T18:22:18 IST" duration-ms="4" status="PASS">
          <reporter-output>
          </reporter-output>
        </test-method> <!-- logout -->
        <test-method signature="closeApp()[pri:9, instance:com.sgtesting.MavenAssignmets.Assignment6@5d534f5d]" started-at="2022-11-12T18:22:18 IST" name="closeApp" finished-at="2022-11-12T18:22:18 IST" duration-ms="4" status="PASS">
          <reporter-output>
          </reporter-output>
        </test-method> <!-- closeApp -->
      </class> <!-- com.sgtesting.MavenAssignmets.Assignment6 -->
      <class name="com.sgtesting.MavenAssignmets.Assignment7">
        <test-method signature="launchBrowser()[pri:1, instance:com.sgtesting.MavenAssignmets.Assignment7@2e3967ea]" started-at="2022-11-12T18:22:18 IST" name="launchBrowser" finished-at="2022-11-12T18:22:20 IST" duration-ms="1758" status="PASS">
          <reporter-output>
          </reporter-output>
        </test-method> <!-- launchBrowser -->
        <test-method signature="navigate()[pri:2, instance:com.sgtesting.MavenAssignmets.Assignment7@2e3967ea]" started-at="2022-11-12T18:22:20 IST" name="navigate" finished-at="2022-11-12T18:22:26 IST" duration-ms="6287" status="PASS">
          <reporter-output>
          </reporter-output>
        </test-method> <!-- navigate -->
        <test-method signature="login(java.lang.String,java.lang.String)[pri:3, instance:com.sgtesting.MavenAssignmets.Assignment7@2e3967ea]" started-at="2022-11-12T18:22:26 IST" name="login" data-provider="login" finished-at="2022-11-12T18:22:31 IST" duration-ms="5327" status="PASS">
          <params>
            <param index="0">
              <value>
                <![CDATA[admin]]>
              </value>
            </param>
            <param index="1">
              <value>
                <![CDATA[manager]]>
              </value>
            </param>
          </params>
          <reporter-output>
          </reporter-output>
        </test-method> <!-- login -->
        <test-method signature="minimizeFlyOutwindow()[pri:4, instance:com.sgtesting.MavenAssignmets.Assignment7@2e3967ea]" started-at="2022-11-12T18:22:31 IST" name="minimizeFlyOutwindow" finished-at="2022-11-12T18:22:33 IST" duration-ms="2169" status="PASS">
          <reporter-output>
          </reporter-output>
        </test-method> <!-- minimizeFlyOutwindow -->
        <test-method signature="addCustomer(java.lang.String)[pri:5, instance:com.sgtesting.MavenAssignmets.Assignment7@2e3967ea]" started-at="2022-11-12T18:22:33 IST" name="addCustomer" data-provider="addCustomer" finished-at="2022-11-12T18:22:47 IST" duration-ms="13328" status="PASS">
          <params>
            <param index="0">
              <value>
                <![CDATA[RAJESH]]>
              </value>
            </param>
          </params>
          <reporter-output>
          </reporter-output>
        </test-method> <!-- addCustomer -->
        <test-method signature="creatProject(java.lang.String)[pri:6, instance:com.sgtesting.MavenAssignmets.Assignment7@2e3967ea]" started-at="2022-11-12T18:22:47 IST" name="creatProject" data-provider="createProject" finished-at="2022-11-12T18:22:59 IST" duration-ms="12622" status="PASS">
          <params>
            <param index="0">
              <value>
                <![CDATA[TATAPROJECT]]>
              </value>
            </param>
          </params>
          <reporter-output>
          </reporter-output>
        </test-method> <!-- creatProject -->
        <test-method signature="ModifyProject()[pri:7, instance:com.sgtesting.MavenAssignmets.Assignment7@2e3967ea]" started-at="2022-11-12T18:22:59 IST" name="ModifyProject" finished-at="2022-11-12T18:23:03 IST" duration-ms="3394" status="PASS">
          <reporter-output>
          </reporter-output>
        </test-method> <!-- ModifyProject -->
        <test-method signature="DeleteProject()[pri:8, instance:com.sgtesting.MavenAssignmets.Assignment7@2e3967ea]" started-at="2022-11-12T18:23:03 IST" name="DeleteProject" finished-at="2022-11-12T18:23:08 IST" duration-ms="5572" status="PASS">
          <reporter-output>
          </reporter-output>
        </test-method> <!-- DeleteProject -->
        <test-method signature="logout()[pri:9, instance:com.sgtesting.MavenAssignmets.Assignment7@2e3967ea]" started-at="2022-11-12T18:23:08 IST" name="logout" finished-at="2022-11-12T18:23:11 IST" duration-ms="2684" status="PASS">
          <reporter-output>
          </reporter-output>
        </test-method> <!-- logout -->
        <test-method signature="closeApp()[pri:10, instance:com.sgtesting.MavenAssignmets.Assignment7@2e3967ea]" started-at="2022-11-12T18:23:11 IST" name="closeApp" finished-at="2022-11-12T18:23:11 IST" duration-ms="350" status="PASS">
          <reporter-output>
          </reporter-output>
        </test-method> <!-- closeApp -->
      </class> <!-- com.sgtesting.MavenAssignmets.Assignment7 -->
      <class name="com.sgtesting.MavenAssignmets.Assignment8">
        <test-method signature="launchBrowser()[pri:1, instance:com.sgtesting.MavenAssignmets.Assignment8@70e9c95d]" started-at="2022-11-12T18:23:11 IST" name="launchBrowser" finished-at="2022-11-12T18:23:13 IST" duration-ms="1341" status="PASS">
          <reporter-output>
          </reporter-output>
        </test-method> <!-- launchBrowser -->
        <test-method signature="navigate()[pri:2, instance:com.sgtesting.MavenAssignmets.Assignment8@70e9c95d]" started-at="2022-11-12T18:23:13 IST" name="navigate" finished-at="2022-11-12T18:23:19 IST" duration-ms="6305" status="PASS">
          <reporter-output>
          </reporter-output>
        </test-method> <!-- navigate -->
        <test-method signature="login(java.lang.String,java.lang.String)[pri:3, instance:com.sgtesting.MavenAssignmets.Assignment8@70e9c95d]" started-at="2022-11-12T18:23:19 IST" name="login" data-provider="login" finished-at="2022-11-12T18:23:24 IST" duration-ms="5309" status="PASS">
          <params>
            <param index="0">
              <value>
                <![CDATA[admin]]>
              </value>
            </param>
            <param index="1">
              <value>
                <![CDATA[manager]]>
              </value>
            </param>
          </params>
          <reporter-output>
          </reporter-output>
        </test-method> <!-- login -->
        <test-method signature="minimizeFlyOutwindow()[pri:4, instance:com.sgtesting.MavenAssignmets.Assignment8@70e9c95d]" started-at="2022-11-12T18:23:24 IST" name="minimizeFlyOutwindow" finished-at="2022-11-12T18:23:26 IST" duration-ms="2133" status="PASS">
          <reporter-output>
          </reporter-output>
        </test-method> <!-- minimizeFlyOutwindow -->
        <test-method signature="addCustomer(java.lang.String)[pri:5, instance:com.sgtesting.MavenAssignmets.Assignment8@70e9c95d]" started-at="2022-11-12T18:23:26 IST" name="addCustomer" data-provider="addCustomer" finished-at="2022-11-12T18:23:40 IST" duration-ms="13247" status="PASS">
          <params>
            <param index="0">
              <value>
                <![CDATA[EXECUTIVEENGG]]>
              </value>
            </param>
          </params>
          <reporter-output>
          </reporter-output>
        </test-method> <!-- addCustomer -->
        <test-method signature="creatProject(java.lang.String)[pri:6, instance:com.sgtesting.MavenAssignmets.Assignment8@70e9c95d]" started-at="2022-11-12T18:23:40 IST" name="creatProject" data-provider="createProject" finished-at="2022-11-12T18:23:52 IST" duration-ms="12689" status="PASS">
          <params>
            <param index="0">
              <value>
                <![CDATA[KPTCL]]>
              </value>
            </param>
          </params>
          <reporter-output>
          </reporter-output>
        </test-method> <!-- creatProject -->
        <test-method signature="CreatTask(java.lang.String)[pri:7, instance:com.sgtesting.MavenAssignmets.Assignment8@70e9c95d]" started-at="2022-11-12T18:23:52 IST" name="CreatTask" data-provider="Createtask" finished-at="2022-11-12T18:24:04 IST" duration-ms="11619" status="PASS">
          <params>
            <param index="0">
              <value>
                <![CDATA[NewTask]]>
              </value>
            </param>
          </params>
          <reporter-output>
          </reporter-output>
        </test-method> <!-- CreatTask -->
        <test-method signature="deleteCustomer()[pri:7, instance:com.sgtesting.MavenAssignmets.Assignment8@70e9c95d]" started-at="2022-11-12T18:24:04 IST" name="deleteCustomer" finished-at="2022-11-12T18:24:17 IST" duration-ms="12553" status="PASS">
          <reporter-output>
          </reporter-output>
        </test-method> <!-- deleteCustomer -->
        <test-method signature="logout()[pri:7, instance:com.sgtesting.MavenAssignmets.Assignment8@70e9c95d]" started-at="2022-11-12T18:24:17 IST" name="logout" finished-at="2022-11-12T18:24:19 IST" duration-ms="2447" status="PASS">
          <reporter-output>
          </reporter-output>
        </test-method> <!-- logout -->
        <test-method signature="closeApp()[pri:8, instance:com.sgtesting.MavenAssignmets.Assignment8@70e9c95d]" started-at="2022-11-12T18:24:19 IST" name="closeApp" finished-at="2022-11-12T18:24:19 IST" duration-ms="370" status="PASS">
          <reporter-output>
          </reporter-output>
        </test-method> <!-- closeApp -->
      </class> <!-- com.sgtesting.MavenAssignmets.Assignment8 -->
      <class name="com.sgtesting.MavenAssignmets.Assignment1">
        <test-method signature="launchBrowser()[pri:1, instance:com.sgtesting.MavenAssignmets.Assignment1@b9b00e0]" started-at="2022-11-12T18:19:33 IST" name="launchBrowser" finished-at="2022-11-12T18:19:37 IST" duration-ms="4196" status="PASS">
          <reporter-output>
          </reporter-output>
        </test-method> <!-- launchBrowser -->
        <test-method signature="navigate()[pri:2, instance:com.sgtesting.MavenAssignmets.Assignment1@b9b00e0]" started-at="2022-11-12T18:19:37 IST" name="navigate" finished-at="2022-11-12T18:19:43 IST" duration-ms="6358" status="PASS">
          <reporter-output>
          </reporter-output>
        </test-method> <!-- navigate -->
        <test-method signature="login(java.lang.String,java.lang.String)[pri:3, instance:com.sgtesting.MavenAssignmets.Assignment1@b9b00e0]" started-at="2022-11-12T18:19:43 IST" name="login" data-provider="login" finished-at="2022-11-12T18:19:49 IST" duration-ms="5426" status="PASS">
          <params>
            <param index="0">
              <value>
                <![CDATA[admin]]>
              </value>
            </param>
            <param index="1">
              <value>
                <![CDATA[manager]]>
              </value>
            </param>
          </params>
          <reporter-output>
          </reporter-output>
        </test-method> <!-- login -->
        <test-method signature="minimizeFlyOutwindow()[pri:4, instance:com.sgtesting.MavenAssignmets.Assignment1@b9b00e0]" started-at="2022-11-12T18:19:49 IST" name="minimizeFlyOutwindow" finished-at="2022-11-12T18:19:51 IST" duration-ms="2162" status="PASS">
          <reporter-output>
          </reporter-output>
        </test-method> <!-- minimizeFlyOutwindow -->
        <test-method signature="createUser(java.lang.String,java.lang.String,java.lang.String,java.lang.String,java.lang.String,java.lang.String,java.lang.String)[pri:5, instance:com.sgtesting.MavenAssignmets.Assignment1@b9b00e0]" started-at="2022-11-12T18:19:51 IST" name="createUser" data-provider="createUser" finished-at="2022-11-12T18:20:04 IST" duration-ms="13470" status="PASS">
          <params>
            <param index="0">
              <value>
                <![CDATA[demo]]>
              </value>
            </param>
            <param index="1">
              <value>
                <![CDATA[A]]>
              </value>
            </param>
            <param index="2">
              <value>
                <![CDATA[User1]]>
              </value>
            </param>
            <param index="3">
              <value>
                <![CDATA[demo@gmail.com]]>
              </value>
            </param>
            <param index="4">
              <value>
                <![CDATA[demoUser1]]>
              </value>
            </param>
            <param index="5">
              <value>
                <![CDATA[1234]]>
              </value>
            </param>
            <param index="6">
              <value>
                <![CDATA[1234]]>
              </value>
            </param>
          </params>
          <reporter-output>
          </reporter-output>
        </test-method> <!-- createUser -->
        <test-method signature="deleteUser()[pri:6, instance:com.sgtesting.MavenAssignmets.Assignment1@b9b00e0]" started-at="2022-11-12T18:20:04 IST" name="deleteUser" finished-at="2022-11-12T18:20:11 IST" duration-ms="6374" status="PASS">
          <reporter-output>
          </reporter-output>
        </test-method> <!-- deleteUser -->
        <test-method signature="logout()[pri:7, instance:com.sgtesting.MavenAssignmets.Assignment1@b9b00e0]" started-at="2022-11-12T18:20:11 IST" name="logout" finished-at="2022-11-12T18:20:13 IST" duration-ms="2869" status="PASS">
          <reporter-output>
          </reporter-output>
        </test-method> <!-- logout -->
        <test-method signature="closeApp()[pri:8, instance:com.sgtesting.MavenAssignmets.Assignment1@b9b00e0]" started-at="2022-11-12T18:20:13 IST" name="closeApp" finished-at="2022-11-12T18:20:14 IST" duration-ms="385" status="PASS">
          <reporter-output>
          </reporter-output>
        </test-method> <!-- closeApp -->
      </class> <!-- com.sgtesting.MavenAssignmets.Assignment1 -->
      <class name="com.sgtesting.MavenAssignmets.Assignment2">
        <test-method signature="launchBrowser()[pri:1, instance:com.sgtesting.MavenAssignmets.Assignment2@130c12b7]" started-at="2022-11-12T18:20:14 IST" name="launchBrowser" finished-at="2022-11-12T18:20:16 IST" duration-ms="2008" status="PASS">
          <reporter-output>
          </reporter-output>
        </test-method> <!-- launchBrowser -->
        <test-method signature="navigate()[pri:2, instance:com.sgtesting.MavenAssignmets.Assignment2@130c12b7]" started-at="2022-11-12T18:20:16 IST" name="navigate" finished-at="2022-11-12T18:20:23 IST" duration-ms="7368" status="PASS">
          <reporter-output>
          </reporter-output>
        </test-method> <!-- navigate -->
        <test-method signature="login(java.lang.String,java.lang.String)[pri:3, instance:com.sgtesting.MavenAssignmets.Assignment2@130c12b7]" started-at="2022-11-12T18:20:23 IST" name="login" data-provider="login" finished-at="2022-11-12T18:20:29 IST" duration-ms="5346" status="PASS">
          <params>
            <param index="0">
              <value>
                <![CDATA[admin]]>
              </value>
            </param>
            <param index="1">
              <value>
                <![CDATA[manager]]>
              </value>
            </param>
          </params>
          <reporter-output>
          </reporter-output>
        </test-method> <!-- login -->
        <test-method signature="minimizeFlyOutwindow()[pri:4, instance:com.sgtesting.MavenAssignmets.Assignment2@130c12b7]" started-at="2022-11-12T18:20:29 IST" name="minimizeFlyOutwindow" finished-at="2022-11-12T18:20:31 IST" duration-ms="2130" status="PASS">
          <reporter-output>
          </reporter-output>
        </test-method> <!-- minimizeFlyOutwindow -->
        <test-method signature="createUser(java.lang.String,java.lang.String,java.lang.String,java.lang.String,java.lang.String,java.lang.String,java.lang.String)[pri:5, instance:com.sgtesting.MavenAssignmets.Assignment2@130c12b7]" started-at="2022-11-12T18:20:31 IST" name="createUser" data-provider="createUser" finished-at="2022-11-12T18:20:44 IST" duration-ms="13423" status="PASS">
          <params>
            <param index="0">
              <value>
                <![CDATA[demo]]>
              </value>
            </param>
            <param index="1">
              <value>
                <![CDATA[A]]>
              </value>
            </param>
            <param index="2">
              <value>
                <![CDATA[User1]]>
              </value>
            </param>
            <param index="3">
              <value>
                <![CDATA[demo@gmail.com]]>
              </value>
            </param>
            <param index="4">
              <value>
                <![CDATA[demoUser1]]>
              </value>
            </param>
            <param index="5">
              <value>
                <![CDATA[1234]]>
              </value>
            </param>
            <param index="6">
              <value>
                <![CDATA[1234]]>
              </value>
            </param>
          </params>
          <reporter-output>
          </reporter-output>
        </test-method> <!-- createUser -->
        <test-method signature="deleteUser()[pri:6, instance:com.sgtesting.MavenAssignmets.Assignment2@130c12b7]" started-at="2022-11-12T18:20:44 IST" name="deleteUser" finished-at="2022-11-12T18:20:50 IST" duration-ms="6382" status="PASS">
          <reporter-output>
          </reporter-output>
        </test-method> <!-- deleteUser -->
        <test-method signature="logout()[pri:7, instance:com.sgtesting.MavenAssignmets.Assignment2@130c12b7]" started-at="2022-11-12T18:20:50 IST" name="logout" finished-at="2022-11-12T18:20:53 IST" duration-ms="2414" status="PASS">
          <reporter-output>
          </reporter-output>
        </test-method> <!-- logout -->
        <test-method signature="closeApp()[pri:8, instance:com.sgtesting.MavenAssignmets.Assignment2@130c12b7]" started-at="2022-11-12T18:20:53 IST" name="closeApp" finished-at="2022-11-12T18:20:53 IST" duration-ms="366" status="PASS">
          <reporter-output>
          </reporter-output>
        </test-method> <!-- closeApp -->
      </class> <!-- com.sgtesting.MavenAssignmets.Assignment2 -->
      <class name="com.sgtesting.MavenAssignmets.Assignment4">
        <test-method signature="launchBrowser()[pri:1, instance:com.sgtesting.MavenAssignmets.Assignment4@5e600dd5]" started-at="2022-11-12T18:20:53 IST" name="launchBrowser" finished-at="2022-11-12T18:20:55 IST" duration-ms="1743" status="PASS">
          <reporter-output>
          </reporter-output>
        </test-method> <!-- launchBrowser -->
        <test-method signature="navigate()[pri:2, instance:com.sgtesting.MavenAssignmets.Assignment4@5e600dd5]" started-at="2022-11-12T18:20:55 IST" name="navigate" finished-at="2022-11-12T18:21:02 IST" duration-ms="6533" status="PASS">
          <reporter-output>
          </reporter-output>
        </test-method> <!-- navigate -->
        <test-method signature="login(java.lang.String,java.lang.String)[pri:3, instance:com.sgtesting.MavenAssignmets.Assignment4@5e600dd5]" started-at="2022-11-12T18:21:02 IST" name="login" data-provider="login" finished-at="2022-11-12T18:21:07 IST" duration-ms="5417" status="PASS">
          <params>
            <param index="0">
              <value>
                <![CDATA[admin]]>
              </value>
            </param>
            <param index="1">
              <value>
                <![CDATA[manager]]>
              </value>
            </param>
          </params>
          <reporter-output>
          </reporter-output>
        </test-method> <!-- login -->
        <test-method signature="minimizeFlyOutwindow()[pri:4, instance:com.sgtesting.MavenAssignmets.Assignment4@5e600dd5]" started-at="2022-11-12T18:21:07 IST" name="minimizeFlyOutwindow" finished-at="2022-11-12T18:21:09 IST" duration-ms="2196" status="PASS">
          <reporter-output>
          </reporter-output>
        </test-method> <!-- minimizeFlyOutwindow -->
        <test-method signature="addCustomer(java.lang.String)[pri:5, instance:com.sgtesting.MavenAssignmets.Assignment4@5e600dd5]" started-at="2022-11-12T18:21:09 IST" name="addCustomer" data-provider="addCustomer" finished-at="2022-11-12T18:21:23 IST" duration-ms="13566" status="PASS">
          <params>
            <param index="0">
              <value>
                <![CDATA[SHIVU]]>
              </value>
            </param>
          </params>
          <reporter-output>
          </reporter-output>
        </test-method> <!-- addCustomer -->
        <test-method signature="deleteCustomer()[pri:6, instance:com.sgtesting.MavenAssignmets.Assignment4@5e600dd5]" started-at="2022-11-12T18:21:23 IST" name="deleteCustomer" finished-at="2022-11-12T18:21:35 IST" duration-ms="12575" status="PASS">
          <reporter-output>
          </reporter-output>
        </test-method> <!-- deleteCustomer -->
        <test-method signature="logout()[pri:7, instance:com.sgtesting.MavenAssignmets.Assignment4@5e600dd5]" started-at="2022-11-12T18:21:35 IST" name="logout" finished-at="2022-11-12T18:21:38 IST" duration-ms="2385" status="PASS">
          <reporter-output>
          </reporter-output>
        </test-method> <!-- logout -->
        <test-method signature="closeApp()[pri:8, instance:com.sgtesting.MavenAssignmets.Assignment4@5e600dd5]" started-at="2022-11-12T18:21:38 IST" name="closeApp" finished-at="2022-11-12T18:21:38 IST" duration-ms="511" status="PASS">
          <reporter-output>
          </reporter-output>
        </test-method> <!-- closeApp -->
      </class> <!-- com.sgtesting.MavenAssignmets.Assignment4 -->
    </test> <!-- users -->
  </suite> <!-- testcases -->
</testng-results>
