<?xml version="1.0" encoding="UTF-8"?>
<!-- Generated by org.testng.reporters.JUnitXMLReporter -->
<testsuite ignored="0" hostname="DESKTOP-U2ABOF5" failures="0" tests="6" name="Users and Products" time="0.127" errors="0" timestamp="2022-11-09T13:27:32 IST">
  <testcase classname="com.sgtesting.users.Users" name="createUser" time="0.012"/>
  <testcase classname="com.sgtesting.users.Users" name="deleteUser" time="0.006"/>
  <testcase classname="com.sgtesting.users.Users" name="modifyUser" time="0.003"/>
  <testcase classname="com.sgtesting.products.Products" name="createProduct" time="0.002"/>
  <testcase classname="com.sgtesting.products.Products" name="deleteProduct" time="0.004"/>
  <testcase classname="com.sgtesting.products.Products" name="modifyProduct" time="0.002"/>
</testsuite> <!-- Users and Products -->
