<?xml version="1.0" encoding="UTF-8"?>
<testng-results ignored="0" total="6" passed="6" failed="0" skipped="0">
  <reporter-output>
  </reporter-output>
  <suite started-at="2022-11-09T12:53:42 IST" name="Users and Products" finished-at="2022-11-09T12:53:43 IST" duration-ms="133">
    <groups>
    </groups>
    <test started-at="2022-11-09T12:53:42 IST" name="Test cases" finished-at="2022-11-09T12:53:43 IST" duration-ms="133">
      <class name="com.sgtesting.products.Products">
        <test-method is-config="true" signature="setUp()[pri:0, instance:com.sgtesting.products.Products@696da30b]" started-at="2022-11-09T12:53:43 IST" name="setUp" finished-at="2022-11-09T12:53:43 IST" duration-ms="0" status="PASS">
          <reporter-output>
          </reporter-output>
        </test-method> <!-- setUp -->
        <test-method signature="createProduct()[pri:0, instance:com.sgtesting.products.Products@696da30b]" started-at="2022-11-09T12:53:43 IST" name="createProduct" finished-at="2022-11-09T12:53:43 IST" duration-ms="3" status="PASS">
          <reporter-output>
          </reporter-output>
        </test-method> <!-- createProduct -->
        <test-method signature="deleteProduct()[pri:0, instance:com.sgtesting.products.Products@696da30b]" started-at="2022-11-09T12:53:43 IST" name="deleteProduct" finished-at="2022-11-09T12:53:43 IST" duration-ms="3" status="PASS">
          <reporter-output>
          </reporter-output>
        </test-method> <!-- deleteProduct -->
        <test-method signature="modifyProduct()[pri:0, instance:com.sgtesting.products.Products@696da30b]" started-at="2022-11-09T12:53:43 IST" name="modifyProduct" finished-at="2022-11-09T12:53:43 IST" duration-ms="2" status="PASS">
          <reporter-output>
          </reporter-output>
        </test-method> <!-- modifyProduct -->
        <test-method is-config="true" signature="tearDown()[pri:0, instance:com.sgtesting.products.Products@696da30b]" started-at="2022-11-09T12:53:43 IST" name="tearDown" finished-at="2022-11-09T12:53:43 IST" duration-ms="5" status="PASS">
          <reporter-output>
          </reporter-output>
        </test-method> <!-- tearDown -->
      </class> <!-- com.sgtesting.products.Products -->
      <class name="com.sgtesting.users.Users">
        <test-method is-config="true" signature="setUp()[pri:0, instance:com.sgtesting.users.Users@3738449f]" started-at="2022-11-09T12:53:42 IST" name="setUp" finished-at="2022-11-09T12:53:42 IST" duration-ms="11" status="PASS">
          <reporter-output>
          </reporter-output>
        </test-method> <!-- setUp -->
        <test-method signature="createUser()[pri:0, instance:com.sgtesting.users.Users@3738449f]" started-at="2022-11-09T12:53:42 IST" name="createUser" finished-at="2022-11-09T12:53:43 IST" duration-ms="10" status="PASS">
          <reporter-output>
          </reporter-output>
        </test-method> <!-- createUser -->
        <test-method signature="deleteUser()[pri:0, instance:com.sgtesting.users.Users@3738449f]" started-at="2022-11-09T12:53:43 IST" name="deleteUser" finished-at="2022-11-09T12:53:43 IST" duration-ms="8" status="PASS">
          <reporter-output>
          </reporter-output>
        </test-method> <!-- deleteUser -->
        <test-method signature="modifyUser()[pri:0, instance:com.sgtesting.users.Users@3738449f]" started-at="2022-11-09T12:53:43 IST" name="modifyUser" finished-at="2022-11-09T12:53:43 IST" duration-ms="6" status="PASS">
          <reporter-output>
          </reporter-output>
        </test-method> <!-- modifyUser -->
        <test-method is-config="true" signature="tearDown()[pri:0, instance:com.sgtesting.users.Users@3738449f]" started-at="2022-11-09T12:53:43 IST" name="tearDown" finished-at="2022-11-09T12:53:43 IST" duration-ms="1" status="PASS">
          <reporter-output>
          </reporter-output>
        </test-method> <!-- tearDown -->
      </class> <!-- com.sgtesting.users.Users -->
    </test> <!-- Test cases -->
  </suite> <!-- Users and Products -->
</testng-results>
