<?xml version="1.0" encoding="UTF-8"?>
<!-- Generated by org.testng.reporters.JUnitXMLReporter -->
<testsuite ignored="0" hostname="DESKTOP-U2ABOF5" failures="0" tests="3" name="Users" time="0.09" errors="0" timestamp="2022-11-09T13:27:44 IST">
  <testcase classname="com.sgtesting.parameters.Users" name="createUser" time="0.008"/>
  <testcase classname="com.sgtesting.parameters.Users" name="deleteUser" time="0.003"/>
  <testcase classname="com.sgtesting.parameters.Users" name="modifyUser" time="0.002"/>
</testsuite> <!-- Users -->
