<?xml version="1.0" encoding="UTF-8"?>
<!-- Generated by org.testng.reporters.JUnitXMLReporter -->
<testsuite hostname="DESKTOP-U2ABOF5" ignored="0" name="Default test" tests="4" failures="0" timestamp="2022-11-22T13:59:09 IST" time="0.083" errors="0">
  <testcase name="substractPositiveAndNegativeNumbers" time="0.012" classname="com.sgtesting.calculator.testcases.SubstractionTestcases"/>
  <testcase name="substractPositiveAndZeroNumbers" time="0.002" classname="com.sgtesting.calculator.testcases.SubstractionTestcases"/>
  <testcase name="substractTwoNegativeNumbers" time="0.002" classname="com.sgtesting.calculator.testcases.SubstractionTestcases"/>
  <testcase name="substractTwoPositiveNumbers" time="0.004" classname="com.sgtesting.calculator.testcases.SubstractionTestcases"/>
</testsuite> <!-- Default test -->
