<?xml version="1.0" encoding="UTF-8"?>
<!-- Generated by org.testng.reporters.JUnitXMLReporter -->
<testsuite ignored="0" hostname="DESKTOP-U2ABOF5" failures="0" tests="9" name="Default test" time="36.419" errors="0" timestamp="2022-11-12T12:47:28 IST">
  <testcase classname="com.sgtesting.WebAssignments.Assignment5" name="launchBrowser" time="4.381"/>
  <testcase classname="com.sgtesting.WebAssignments.Assignment5" name="navigate" time="6.429"/>
  <testcase classname="com.sgtesting.WebAssignments.Assignment5" name="login" time="5.519"/>
  <testcase classname="com.sgtesting.WebAssignments.Assignment5" name="minimizeFlyOutwindow" time="2.157"/>
  <testcase classname="com.sgtesting.WebAssignments.Assignment5" name="addCustomer" time="13.942"/>
  <testcase classname="com.sgtesting.WebAssignments.Assignment5" name="modifyCustomer" time="1.195"/>
  <testcase classname="com.sgtesting.WebAssignments.Assignment5" name="deleteCustomer" time="1.102"/>
  <testcase classname="com.sgtesting.WebAssignments.Assignment5" name="logout" time="1.177"/>
  <testcase classname="com.sgtesting.WebAssignments.Assignment5" name="closeApp" time="0.415"/>
</testsuite> <!-- Default test -->
