<?xml version="1.0" encoding="UTF-8"?>
<!-- Generated by org.testng.reporters.JUnitXMLReporter -->
<testsuite ignored="0" hostname="DESKTOP-U2ABOF5" failures="0" tests="3" name="Default test" time="0.099" errors="0" timestamp="2022-11-09T12:53:14 IST">
  <testcase classname="com.sgtesting.condition.DependsOnMethodsCondition" name="createUser" time="0.007"/>
  <testcase classname="com.sgtesting.condition.DependsOnMethodsCondition" name="modifyUser" time="0.002"/>
  <testcase classname="com.sgtesting.condition.DependsOnMethodsCondition" name="deleteUser" time="0.004"/>
</testsuite> <!-- Default test -->
