<?xml version="1.0" encoding="UTF-8"?>
<!-- Generated by org.testng.reporters.JUnitXMLReporter -->
<testsuite ignored="0" hostname="DESKTOP-U2ABOF5" failures="0" tests="3" name="products" time="0.021" errors="0" timestamp="2022-11-09T13:28:00 IST">
  <testcase classname="com.sgtesting.products.Products" name="createProduct" time="0.003"/>
  <testcase classname="com.sgtesting.products.Products" name="deleteProduct" time="0.002"/>
  <testcase classname="com.sgtesting.products.Products" name="modifyProduct" time="0.001"/>
</testsuite> <!-- products -->
