<?xml version="1.0" encoding="UTF-8"?>
<!-- Generated by org.testng.reporters.JUnitXMLReporter -->
<testsuite ignored="0" hostname="DESKTOP-U2ABOF5" failures="0" tests="8" name="users" time="44.611" errors="0" timestamp="2022-11-11T14:07:17 IST">
  <testcase classname="com.sgtesting.WebAssignments.Assignments1DataProvider" name="launchBrowser" time="4.806"/>
  <testcase classname="com.sgtesting.WebAssignments.Assignments1DataProvider" name="navigate" time="7.487"/>
  <testcase classname="com.sgtesting.WebAssignments.Assignments1DataProvider" name="login" time="5.671"/>
  <testcase classname="com.sgtesting.WebAssignments.Assignments1DataProvider" name="minimizeFlyOutwindow" time="2.127"/>
  <testcase classname="com.sgtesting.WebAssignments.Assignments1DataProvider" name="createUser" time="14.02"/>
  <testcase classname="com.sgtesting.WebAssignments.Assignments1DataProvider" name="deleteUser" time="6.392"/>
  <testcase classname="com.sgtesting.WebAssignments.Assignments1DataProvider" name="logout" time="3.502"/>
  <testcase classname="com.sgtesting.WebAssignments.Assignments1DataProvider" name="closeApplication" time="0.448"/>
</testsuite> <!-- users -->
