<?xml version="1.0" encoding="UTF-8"?>
<!-- Generated by org.testng.reporters.JUnitXMLReporter -->
<testsuite ignored="0" hostname="DESKTOP-U2ABOF5" failures="0" tests="70" name="Test cases" time="326.048" errors="0" timestamp="2022-11-12T19:08:47 IST">
  <testcase classname="com.sgtesting.WebAssignments.Assignment1" name="launchBrowser" time="5.589"/>
  <testcase classname="com.sgtesting.WebAssignments.Assignment1" name="navigate" time="6.484"/>
  <testcase classname="com.sgtesting.WebAssignments.Assignment1" name="login" time="5.353"/>
  <testcase classname="com.sgtesting.WebAssignments.Assignment1" name="minimizeFlyOutwindow" time="2.216"/>
  <testcase classname="com.sgtesting.WebAssignments.Assignment1" name="createUser" time="13.573"/>
  <testcase classname="com.sgtesting.WebAssignments.Assignment1" name="deleteUser" time="6.406"/>
  <testcase classname="com.sgtesting.WebAssignments.Assignment1" name="logout" time="2.915"/>
  <testcase classname="com.sgtesting.WebAssignments.Assignment1" name="closeApp" time="0.457"/>
  <testcase classname="com.sgtesting.WebAssignments.Assignment2" name="launchBrowser" time="1.723"/>
  <testcase classname="com.sgtesting.WebAssignments.Assignment2" name="navigate" time="6.383"/>
  <testcase classname="com.sgtesting.WebAssignments.Assignment2" name="login" time="5.438"/>
  <testcase classname="com.sgtesting.WebAssignments.Assignment2" name="minimizeFlyOutwindow" time="2.173"/>
  <testcase classname="com.sgtesting.WebAssignments.Assignment2" name="createUser" time="13.285"/>
  <testcase classname="com.sgtesting.WebAssignments.Assignment2" name="deleteUser" time="6.44"/>
  <testcase classname="com.sgtesting.WebAssignments.Assignment2" name="logout" time="2.405"/>
  <testcase classname="com.sgtesting.WebAssignments.Assignment2" name="closeApp" time="0.368"/>
  <testcase classname="com.sgtesting.WebAssignments.Assignment4" name="launchBrowser" time="1.784"/>
  <testcase classname="com.sgtesting.WebAssignments.Assignment4" name="navigate" time="6.672"/>
  <testcase classname="com.sgtesting.WebAssignments.Assignment4" name="login" time="5.407"/>
  <testcase classname="com.sgtesting.WebAssignments.Assignment4" name="minimizeFlyOutwindow" time="2.171"/>
  <testcase classname="com.sgtesting.WebAssignments.Assignment4" name="addCustomer" time="13.537"/>
  <testcase classname="com.sgtesting.WebAssignments.Assignment4" name="deleteCustomer" time="12.637"/>
  <testcase classname="com.sgtesting.WebAssignments.Assignment4" name="logout" time="2.348"/>
  <testcase classname="com.sgtesting.WebAssignments.Assignment4" name="closeApp" time="0.385"/>
  <testcase classname="com.sgtesting.WebAssignments.Assignment5" name="launchBrowser" time="1.934"/>
  <testcase classname="com.sgtesting.WebAssignments.Assignment5" name="navigate" time="6.326"/>
  <testcase classname="com.sgtesting.WebAssignments.Assignment5" name="login" time="5.34"/>
  <testcase classname="com.sgtesting.WebAssignments.Assignment5" name="minimizeFlyOutwindow" time="2.211"/>
  <testcase classname="com.sgtesting.WebAssignments.Assignment5" name="addCustomer" time="13.372"/>
  <testcase classname="com.sgtesting.WebAssignments.Assignment5" name="modifyCustomer" time="3.47"/>
  <testcase classname="com.sgtesting.WebAssignments.Assignment5" name="deleteCustomer" time="3.303"/>
  <testcase classname="com.sgtesting.WebAssignments.Assignment5" name="logout" time="2.387"/>
  <testcase classname="com.sgtesting.WebAssignments.Assignment5" name="closeApp" time="0.353"/>
  <testcase classname="com.sgtesting.WebAssignments.Assignment6" name="launchBrowser" time="0.007"/>
  <testcase classname="com.sgtesting.WebAssignments.Assignment6" name="navigate" time="0.008"/>
  <testcase classname="com.sgtesting.WebAssignments.Assignment6" name="login" time="0.003"/>
  <testcase classname="com.sgtesting.WebAssignments.Assignment6" name="minimizeFlyOutwindow" time="0.004"/>
  <testcase classname="com.sgtesting.WebAssignments.Assignment6" name="addCustomer" time="0.004"/>
  <testcase classname="com.sgtesting.WebAssignments.Assignment6" name="creatProject" time="0.003"/>
  <testcase classname="com.sgtesting.WebAssignments.Assignment6" name="deleteProject" time="0.012"/>
  <testcase classname="com.sgtesting.WebAssignments.Assignment6" name="logout" time="0.003"/>
  <testcase classname="com.sgtesting.WebAssignments.Assignment6" name="closeApp" time="0.002"/>
  <testcase classname="com.sgtesting.WebAssignments.Assignment7" name="launchBrowser" time="1.324"/>
  <testcase classname="com.sgtesting.WebAssignments.Assignment7" name="navigate" time="6.33"/>
  <testcase classname="com.sgtesting.WebAssignments.Assignment7" name="login" time="5.33"/>
  <testcase classname="com.sgtesting.WebAssignments.Assignment7" name="minimizeFlyOutwindow" time="2.185"/>
  <testcase classname="com.sgtesting.WebAssignments.Assignment7" name="addCustomer" time="13.097"/>
  <testcase classname="com.sgtesting.WebAssignments.Assignment7" name="creatProject" time="12.696"/>
  <testcase classname="com.sgtesting.WebAssignments.Assignment7" name="ModifyProject" time="3.521"/>
  <testcase classname="com.sgtesting.WebAssignments.Assignment7" name="DeleteProject" time="5.587"/>
  <testcase classname="com.sgtesting.WebAssignments.Assignment7" name="logout" time="2.407"/>
  <testcase classname="com.sgtesting.WebAssignments.Assignment7" name="closeApp" time="0.551"/>
  <testcase classname="com.sgtesting.WebAssignments.Assignment8" name="launchBrowser" time="1.736"/>
  <testcase classname="com.sgtesting.WebAssignments.Assignment8" name="navigate" time="6.419"/>
  <testcase classname="com.sgtesting.WebAssignments.Assignment8" name="login" time="5.322"/>
  <testcase classname="com.sgtesting.WebAssignments.Assignment8" name="minimizeFlyOutwindow" time="2.208"/>
  <testcase classname="com.sgtesting.WebAssignments.Assignment8" name="addCustomer" time="13.395"/>
  <testcase classname="com.sgtesting.WebAssignments.Assignment8" name="creatProject" time="12.734"/>
  <testcase classname="com.sgtesting.WebAssignments.Assignment8" name="CreatTask" time="11.835"/>
  <testcase classname="com.sgtesting.WebAssignments.Assignment8" name="deleteCustomer" time="12.64"/>
  <testcase classname="com.sgtesting.WebAssignments.Assignment8" name="logout" time="2.908"/>
  <testcase classname="com.sgtesting.WebAssignments.Assignment8" name="closeApp" time="0.366"/>
  <testcase classname="com.sgtesting.WebAssignments.Assignments1DataProvider" name="launchBrowser" time="1.397"/>
  <testcase classname="com.sgtesting.WebAssignments.Assignments1DataProvider" name="navigate" time="6.299"/>
  <testcase classname="com.sgtesting.WebAssignments.Assignments1DataProvider" name="login" time="5.278"/>
  <testcase classname="com.sgtesting.WebAssignments.Assignments1DataProvider" name="minimizeFlyOutwindow" time="2.085"/>
  <testcase classname="com.sgtesting.WebAssignments.Assignments1DataProvider" name="createUser" time="12.871"/>
  <testcase classname="com.sgtesting.WebAssignments.Assignments1DataProvider" name="deleteUser" time="6.327"/>
  <testcase classname="com.sgtesting.WebAssignments.Assignments1DataProvider" name="logout" time="3.413"/>
  <testcase classname="com.sgtesting.WebAssignments.Assignments1DataProvider" name="closeApplication" time="0.564"/>
</testsuite> <!-- Test cases -->
