<?xml version="1.0" encoding="UTF-8"?>
<!-- Generated by org.testng.reporters.JUnitXMLReporter -->
<testsuite ignored="0" hostname="DESKTOP-U2ABOF5" failures="0" tests="8" name="Assignments First" time="42.347" errors="0" timestamp="2022-11-11T13:14:23 IST">
  <testcase classname="com.sgtesting.WebAssignments.Assignment1" name="launchBrowser" time="3.355"/>
  <testcase classname="com.sgtesting.WebAssignments.Assignment1" name="navigate" time="6.421"/>
  <testcase classname="com.sgtesting.WebAssignments.Assignment1" name="login" time="5.418"/>
  <testcase classname="com.sgtesting.WebAssignments.Assignment1" name="minimizeFlyOutwindow" time="2.09"/>
  <testcase classname="com.sgtesting.WebAssignments.Assignment1" name="createUser" time="14.33"/>
  <testcase classname="com.sgtesting.WebAssignments.Assignment1" name="deleteUser" time="6.44"/>
  <testcase classname="com.sgtesting.WebAssignments.Assignment1" name="logout" time="3.755"/>
  <testcase classname="com.sgtesting.WebAssignments.Assignment1" name="closeApplication" time="0.447"/>
</testsuite> <!-- Assignments First -->
