<?xml version="1.0" encoding="UTF-8"?>
<!-- Generated by org.testng.reporters.JUnitXMLReporter -->
<testsuite ignored="0" hostname="DESKTOP-U2ABOF5" failures="0" tests="70" name="users" time="324.824" errors="0" timestamp="2022-11-12T18:24:57 IST">
  <testcase classname="com.sgtesting.MavenAssignmets.Assignment1" name="launchBrowser" time="4.196"/>
  <testcase classname="com.sgtesting.MavenAssignmets.Assignment1" name="navigate" time="6.358"/>
  <testcase classname="com.sgtesting.MavenAssignmets.Assignment1" name="login" time="5.426"/>
  <testcase classname="com.sgtesting.MavenAssignmets.Assignment1" name="minimizeFlyOutwindow" time="2.162"/>
  <testcase classname="com.sgtesting.MavenAssignmets.Assignment1" name="createUser" time="13.47"/>
  <testcase classname="com.sgtesting.MavenAssignmets.Assignment1" name="deleteUser" time="6.374"/>
  <testcase classname="com.sgtesting.MavenAssignmets.Assignment1" name="logout" time="2.869"/>
  <testcase classname="com.sgtesting.MavenAssignmets.Assignment1" name="closeApp" time="0.385"/>
  <testcase classname="com.sgtesting.MavenAssignmets.Assignment2" name="launchBrowser" time="2.008"/>
  <testcase classname="com.sgtesting.MavenAssignmets.Assignment2" name="navigate" time="7.368"/>
  <testcase classname="com.sgtesting.MavenAssignmets.Assignment2" name="login" time="5.346"/>
  <testcase classname="com.sgtesting.MavenAssignmets.Assignment2" name="minimizeFlyOutwindow" time="2.13"/>
  <testcase classname="com.sgtesting.MavenAssignmets.Assignment2" name="createUser" time="13.423"/>
  <testcase classname="com.sgtesting.MavenAssignmets.Assignment2" name="deleteUser" time="6.382"/>
  <testcase classname="com.sgtesting.MavenAssignmets.Assignment2" name="logout" time="2.414"/>
  <testcase classname="com.sgtesting.MavenAssignmets.Assignment2" name="closeApp" time="0.366"/>
  <testcase classname="com.sgtesting.MavenAssignmets.Assignment4" name="launchBrowser" time="1.743"/>
  <testcase classname="com.sgtesting.MavenAssignmets.Assignment4" name="navigate" time="6.533"/>
  <testcase classname="com.sgtesting.MavenAssignmets.Assignment4" name="login" time="5.417"/>
  <testcase classname="com.sgtesting.MavenAssignmets.Assignment4" name="minimizeFlyOutwindow" time="2.196"/>
  <testcase classname="com.sgtesting.MavenAssignmets.Assignment4" name="addCustomer" time="13.566"/>
  <testcase classname="com.sgtesting.MavenAssignmets.Assignment4" name="deleteCustomer" time="12.575"/>
  <testcase classname="com.sgtesting.MavenAssignmets.Assignment4" name="logout" time="2.385"/>
  <testcase classname="com.sgtesting.MavenAssignmets.Assignment4" name="closeApp" time="0.511"/>
  <testcase classname="com.sgtesting.MavenAssignmets.Assignment5" name="launchBrowser" time="1.744"/>
  <testcase classname="com.sgtesting.MavenAssignmets.Assignment5" name="navigate" time="6.287"/>
  <testcase classname="com.sgtesting.MavenAssignmets.Assignment5" name="login" time="5.322"/>
  <testcase classname="com.sgtesting.MavenAssignmets.Assignment5" name="minimizeFlyOutwindow" time="2.192"/>
  <testcase classname="com.sgtesting.MavenAssignmets.Assignment5" name="addCustomer" time="13.436"/>
  <testcase classname="com.sgtesting.MavenAssignmets.Assignment5" name="modifyCustomer" time="3.419"/>
  <testcase classname="com.sgtesting.MavenAssignmets.Assignment5" name="deleteCustomer" time="3.641"/>
  <testcase classname="com.sgtesting.MavenAssignmets.Assignment5" name="logout" time="2.865"/>
  <testcase classname="com.sgtesting.MavenAssignmets.Assignment5" name="closeApp" time="0.385"/>
  <testcase classname="com.sgtesting.MavenAssignmets.Assignment6" name="launchBrowser" time="0.005"/>
  <testcase classname="com.sgtesting.MavenAssignmets.Assignment6" name="navigate" time="0.014"/>
  <testcase classname="com.sgtesting.MavenAssignmets.Assignment6" name="login" time="0.002"/>
  <testcase classname="com.sgtesting.MavenAssignmets.Assignment6" name="minimizeFlyOutwindow" time="0.165"/>
  <testcase classname="com.sgtesting.MavenAssignmets.Assignment6" name="addCustomer" time="0.003"/>
  <testcase classname="com.sgtesting.MavenAssignmets.Assignment6" name="creatProject" time="0.002"/>
  <testcase classname="com.sgtesting.MavenAssignmets.Assignment6" name="deleteProject" time="0.002"/>
  <testcase classname="com.sgtesting.MavenAssignmets.Assignment6" name="logout" time="0.004"/>
  <testcase classname="com.sgtesting.MavenAssignmets.Assignment6" name="closeApp" time="0.004"/>
  <testcase classname="com.sgtesting.MavenAssignmets.Assignment7" name="launchBrowser" time="1.758"/>
  <testcase classname="com.sgtesting.MavenAssignmets.Assignment7" name="navigate" time="6.287"/>
  <testcase classname="com.sgtesting.MavenAssignmets.Assignment7" name="login" time="5.327"/>
  <testcase classname="com.sgtesting.MavenAssignmets.Assignment7" name="minimizeFlyOutwindow" time="2.169"/>
  <testcase classname="com.sgtesting.MavenAssignmets.Assignment7" name="addCustomer" time="13.328"/>
  <testcase classname="com.sgtesting.MavenAssignmets.Assignment7" name="creatProject" time="12.622"/>
  <testcase classname="com.sgtesting.MavenAssignmets.Assignment7" name="ModifyProject" time="3.394"/>
  <testcase classname="com.sgtesting.MavenAssignmets.Assignment7" name="DeleteProject" time="5.572"/>
  <testcase classname="com.sgtesting.MavenAssignmets.Assignment7" name="logout" time="2.684"/>
  <testcase classname="com.sgtesting.MavenAssignmets.Assignment7" name="closeApp" time="0.35"/>
  <testcase classname="com.sgtesting.MavenAssignmets.Assignment8" name="launchBrowser" time="1.341"/>
  <testcase classname="com.sgtesting.MavenAssignmets.Assignment8" name="navigate" time="6.305"/>
  <testcase classname="com.sgtesting.MavenAssignmets.Assignment8" name="login" time="5.309"/>
  <testcase classname="com.sgtesting.MavenAssignmets.Assignment8" name="minimizeFlyOutwindow" time="2.133"/>
  <testcase classname="com.sgtesting.MavenAssignmets.Assignment8" name="addCustomer" time="13.247"/>
  <testcase classname="com.sgtesting.MavenAssignmets.Assignment8" name="creatProject" time="12.689"/>
  <testcase classname="com.sgtesting.MavenAssignmets.Assignment8" name="CreatTask" time="11.619"/>
  <testcase classname="com.sgtesting.MavenAssignmets.Assignment8" name="deleteCustomer" time="12.553"/>
  <testcase classname="com.sgtesting.MavenAssignmets.Assignment8" name="logout" time="2.447"/>
  <testcase classname="com.sgtesting.MavenAssignmets.Assignment8" name="closeApp" time="0.37"/>
  <testcase classname="com.sgtesting.MavenAssignmets.Assignments1DataProvider" name="launchBrowser" time="1.341"/>
  <testcase classname="com.sgtesting.MavenAssignmets.Assignments1DataProvider" name="navigate" time="6.28"/>
  <testcase classname="com.sgtesting.MavenAssignmets.Assignments1DataProvider" name="login" time="5.268"/>
  <testcase classname="com.sgtesting.MavenAssignmets.Assignments1DataProvider" name="minimizeFlyOutwindow" time="2.088"/>
  <testcase classname="com.sgtesting.MavenAssignmets.Assignments1DataProvider" name="createUser" time="12.795"/>
  <testcase classname="com.sgtesting.MavenAssignmets.Assignments1DataProvider" name="deleteUser" time="6.333"/>
  <testcase classname="com.sgtesting.MavenAssignmets.Assignments1DataProvider" name="logout" time="3.355"/>
  <testcase classname="com.sgtesting.MavenAssignmets.Assignments1DataProvider" name="closeApplication" time="0.389"/>
</testsuite> <!-- users -->
