<?xml version="1.0" encoding="UTF-8"?>
<!-- Generated by org.testng.reporters.JUnitXMLReporter -->
<testsuite ignored="0" hostname="DESKTOP-U2ABOF5" failures="0" tests="8" name="Default test" time="42.24" errors="0" timestamp="2022-11-12T17:34:39 IST">
  <testcase classname="com.sgtesting.MavenAssignmets.Assignment1" name="launchBrowser" time="4.827"/>
  <testcase classname="com.sgtesting.MavenAssignmets.Assignment1" name="navigate" time="6.901"/>
  <testcase classname="com.sgtesting.MavenAssignmets.Assignment1" name="login" time="5.468"/>
  <testcase classname="com.sgtesting.MavenAssignmets.Assignment1" name="minimizeFlyOutwindow" time="2.126"/>
  <testcase classname="com.sgtesting.MavenAssignmets.Assignment1" name="createUser" time="13.249"/>
  <testcase classname="com.sgtesting.MavenAssignmets.Assignment1" name="deleteUser" time="6.394"/>
  <testcase classname="com.sgtesting.MavenAssignmets.Assignment1" name="logout" time="2.76"/>
  <testcase classname="com.sgtesting.MavenAssignmets.Assignment1" name="closeApp" time="0.397"/>
</testsuite> <!-- Default test -->
