<?xml version="1.0" encoding="UTF-8"?>
<!-- Generated by org.testng.reporters.JUnitXMLReporter -->
<testsuite ignored="0" hostname="DESKTOP-U2ABOF5" failures="0" tests="3" name="Default test" time="0.119" errors="0" timestamp="2022-11-10T13:24:01 IST">
  <testcase classname="com.sgtesting.testcases.Users" name="createUser" time="0.01"/>
  <testcase classname="com.sgtesting.testcases.Users" name="deleteUser" time="0.002"/>
  <testcase classname="com.sgtesting.testcases.Users" name="modifyUser" time="0.002"/>
</testsuite> <!-- Default test -->
