<?xml version="1.0" encoding="UTF-8"?>
<testng-results ignored="0" total="6" passed="6" failed="0" skipped="0">
  <reporter-output>
  </reporter-output>
  <suite started-at="2022-11-09T21:18:23 IST" name="Default suite" finished-at="2022-11-09T21:18:44 IST" duration-ms="20738">
    <groups>
    </groups>
    <test started-at="2022-11-09T21:18:23 IST" name="Default test" finished-at="2022-11-09T21:18:44 IST" duration-ms="20738">
      <class name="com.sgtesting.testngscenario.LoginLogoutDemo">
        <test-method signature="launchBrowser()[pri:1, instance:com.sgtesting.testngscenario.LoginLogoutDemo@5fbdfdcf]" started-at="2022-11-09T21:18:23 IST" name="launchBrowser" finished-at="2022-11-09T21:18:26 IST" duration-ms="3131" status="PASS">
          <reporter-output>
          </reporter-output>
        </test-method> <!-- launchBrowser -->
        <test-method signature="navigate()[pri:2, instance:com.sgtesting.testngscenario.LoginLogoutDemo@5fbdfdcf]" started-at="2022-11-09T21:18:26 IST" name="navigate" finished-at="2022-11-09T21:18:33 IST" duration-ms="6668" status="PASS">
          <reporter-output>
          </reporter-output>
        </test-method> <!-- navigate -->
        <test-method signature="login(java.lang.String,java.lang.String)[pri:3, instance:com.sgtesting.testngscenario.LoginLogoutDemo@5fbdfdcf]" started-at="2022-11-09T21:18:33 IST" name="login" data-provider="login" finished-at="2022-11-09T21:18:38 IST" duration-ms="5456" status="PASS">
          <params>
            <param index="0">
              <value>
                <![CDATA[admin]]>
              </value>
            </param>
            <param index="1">
              <value>
                <![CDATA[manager]]>
              </value>
            </param>
          </params>
          <reporter-output>
          </reporter-output>
        </test-method> <!-- login -->
        <test-method signature="minimizeFlyOutwindow()[pri:4, instance:com.sgtesting.testngscenario.LoginLogoutDemo@5fbdfdcf]" started-at="2022-11-09T21:18:39 IST" name="minimizeFlyOutwindow" finished-at="2022-11-09T21:18:41 IST" duration-ms="2177" status="PASS">
          <reporter-output>
          </reporter-output>
        </test-method> <!-- minimizeFlyOutwindow -->
        <test-method signature="logout()[pri:5, instance:com.sgtesting.testngscenario.LoginLogoutDemo@5fbdfdcf]" started-at="2022-11-09T21:18:41 IST" name="logout" finished-at="2022-11-09T21:18:43 IST" duration-ms="2715" status="PASS">
          <reporter-output>
          </reporter-output>
        </test-method> <!-- logout -->
        <test-method signature="closeApp()[pri:6, instance:com.sgtesting.testngscenario.LoginLogoutDemo@5fbdfdcf]" started-at="2022-11-09T21:18:43 IST" name="closeApp" finished-at="2022-11-09T21:18:44 IST" duration-ms="506" status="PASS">
          <reporter-output>
          </reporter-output>
        </test-method> <!-- closeApp -->
      </class> <!-- com.sgtesting.testngscenario.LoginLogoutDemo -->
    </test> <!-- Default test -->
  </suite> <!-- Default suite -->
</testng-results>
